2026-02-07 10:26:01,570-feature_engineering-INFO-Feature engineering boshlandi
2026-02-07 10:26:01,570-feature_engineering-INFO-Student_Id ustuni tashlab yuborildi
2026-02-07 10:26:01,571-feature_engineering-INFO-Ijtimoiy tarmoqdan qancha foydalanish qoshildi
2026-02-07 10:26:01,572-feature_engineering-INFO-Feature engineering qilishda xatolik boldi
2026-02-07 10:26:01,572-feature_engineering-INFO-Datasetni saqlashda xatolik boldi
2026-02-07 10:30:03,091-feature_engineering-INFO-Feature engineering boshlandi
2026-02-07 10:30:03,092-feature_engineering-INFO-Student_Id ustuni tashlab yuborildi
2026-02-07 10:30:03,131-feature_engineering-INFO-Ijtimoiy tarmoqdan qancha foydalanish qoshildi
2026-02-07 10:30:03,132-feature_engineering-INFO-Feature engineering qilishda xatolik boldi
2026-02-07 10:30:03,133-feature_engineering-INFO-Datasetni saqlashda xatolik boldi
2026-02-07 10:36:48,367-feature_engineering-INFO-Feature engineering boshlandi
2026-02-07 10:36:48,367-feature_engineering-INFO-Student_Id ustuni tashlab yuborildi
2026-02-07 10:36:48,368-feature_engineering-INFO-Ijtimoiy tarmoqdan qancha foydalanish qoshildi
2026-02-07 10:36:48,368-feature_engineering-INFO-Feature engineering qilishda xatolik boldi
2026-02-07 10:36:48,369-feature_engineering-INFO-Datasetni saqlashda xatolik boldi
2026-02-07 10:37:33,395-feature_engineering-INFO-Feature engineering boshlandi
2026-02-07 10:37:33,396-feature_engineering-INFO-Student_Id ustuni tashlab yuborildi
2026-02-07 10:37:33,396-feature_engineering-INFO-Ijtimoiy tarmoqdan qancha foydalanish qoshildi
2026-02-07 10:37:33,397-feature_engineering-INFO-Feature engineering qilishda xatolik boldi
2026-02-07 10:37:33,397-feature_engineering-INFO-Datasetni saqlashda xatolik boldi
2026-02-07 10:38:28,871-feature_engineering-INFO-Feature engineering boshlandi
2026-02-07 10:38:28,912-feature_engineering-INFO-Student_Id ustuni tashlab yuborildi
2026-02-07 10:38:28,913-feature_engineering-INFO-Ijtimoiy tarmoqdan qancha foydalanish qoshildi
2026-02-07 10:38:28,913-feature_engineering-INFO-Feature engineering qilishda xatolik boldi
2026-02-07 10:38:28,914-feature_engineering-INFO-Datasetni saqlashda xatolik boldi
2026-02-07 10:46:07,804-feature_engineering-INFO-Feature engineering boshlandi
2026-02-07 10:46:07,805-feature_engineering-INFO-Student_Id ustuni tashlab yuborildi
2026-02-07 10:46:07,806-feature_engineering-INFO-Ijtimoiy tarmoqdan qancha foydalanish qoshildi
2026-02-07 10:46:07,806-feature_engineering-INFO-Faol hayot tarzi qoshildi
2026-02-07 10:46:07,807-feature_engineering-INFO-Qanchalik effective oqishi qoshildi
2026-02-07 10:46:07,858-feature_engineering-INFO-Engineered data saqlandi (1000, 18)
2026-02-07 10:50:02,568-feature_engineering-INFO-Feature engineering boshlandi
2026-02-07 10:50:02,568-feature_engineering-INFO-Student_Id ustuni tashlab yuborildi
2026-02-07 10:50:02,569-feature_engineering-INFO-Ijtimoiy tarmoqdan qancha foydalanish qoshildi
2026-02-07 10:50:02,570-feature_engineering-INFO-Faol hayot tarzi qoshildi
2026-02-07 10:50:02,571-feature_engineering-INFO-Qanchalik effective oqishi qoshildi
2026-02-07 10:50:02,586-feature_engineering-INFO-Engineered data saqlandi (1000, 18)
2026-02-07 11:05:21,658-feature_engineering-INFO-Feature engineering boshlandi
2026-02-07 11:05:21,659-feature_engineering-INFO-Student_Id ustuni tashlab yuborildi
2026-02-07 11:05:21,660-feature_engineering-INFO-Ijtimoiy tarmoqdan qancha foydalanish qoshildi
2026-02-07 11:05:21,661-feature_engineering-INFO-Faol hayot tarzi qoshildi
2026-02-07 11:05:21,661-feature_engineering-INFO-Qanchalik effective oqishi qoshildi
2026-02-07 11:05:21,674-feature_engineering-INFO-Engineered data saqlandi (1000, 18)
2026-02-07 11:05:43,507-feature_engineering-INFO-Feature engineering boshlandi
2026-02-07 11:05:43,507-feature_engineering-INFO-Student_Id ustuni tashlab yuborildi
2026-02-07 11:05:43,509-feature_engineering-INFO-Ijtimoiy tarmoqdan qancha foydalanish qoshildi
2026-02-07 11:05:43,510-feature_engineering-INFO-Faol hayot tarzi qoshildi
2026-02-07 11:05:43,510-feature_engineering-INFO-Qanchalik effective oqishi qoshildi
2026-02-07 11:05:43,524-feature_engineering-INFO-Engineered data saqlandi (1000, 18)
2026-02-07 11:07:01,599-feature_engineering-INFO-Feature engineering boshlandi
2026-02-07 11:07:01,600-feature_engineering-INFO-Student_Id ustuni tashlab yuborildi
2026-02-07 11:07:01,601-feature_engineering-INFO-Ijtimoiy tarmoqdan qancha foydalanish qoshildi
2026-02-07 11:07:01,601-feature_engineering-INFO-Faol hayot tarzi qoshildi
2026-02-07 11:07:01,602-feature_engineering-INFO-Qanchalik effective oqishi qoshildi
2026-02-07 11:07:01,615-feature_engineering-INFO-Engineered data saqlandi (1000, 18)
2026-02-07 11:17:34,182-feature_engineering-INFO-Feature engineering boshlandi
2026-02-07 11:17:34,182-feature_engineering-INFO-Student_Id ustuni tashlab yuborildi
2026-02-07 11:17:34,183-feature_engineering-INFO-Ijtimoiy tarmoqdan qancha foydalanish qoshildi
2026-02-07 11:17:34,184-feature_engineering-INFO-Faol hayot tarzi qoshildi
2026-02-07 11:17:34,185-feature_engineering-INFO-Qanchalik effective oqishi qoshildi
2026-02-07 11:17:34,196-feature_engineering-INFO-Engineered data saqlandi (1000, 18)
2026-02-07 11:27:39,553-feature_engineering-INFO-Feature engineering boshlandi
2026-02-07 11:27:39,554-feature_engineering-INFO-Student_Id ustuni tashlab yuborildi
2026-02-07 11:27:39,555-feature_engineering-INFO-Ijtimoiy tarmoqdan qancha foydalanish qoshildi
2026-02-07 11:27:39,556-feature_engineering-INFO-Faol hayot tarzi qoshildi
2026-02-07 11:27:39,556-feature_engineering-INFO-Qanchalik effective oqishi qoshildi
2026-02-07 11:27:39,568-feature_engineering-INFO-Engineered data saqlandi (1000, 18)
2026-02-07 11:55:23,050-feature_engineering-INFO-Feature engineering boshlandi
2026-02-07 11:55:23,051-feature_engineering-INFO-Student_Id ustuni tashlab yuborildi
2026-02-07 11:55:23,052-feature_engineering-INFO-Ijtimoiy tarmoqdan qancha foydalanish qoshildi
2026-02-07 11:55:23,053-feature_engineering-INFO-Faol hayot tarzi qoshildi
2026-02-07 11:55:23,053-feature_engineering-INFO-Qanchalik effective oqishi qoshildi
2026-02-07 11:55:23,065-feature_engineering-INFO-Engineered data saqlandi (1000, 18)
