2026-02-07 11:05:21,742-model_training-INFO-Training boshlandi: X=(1000, 19), y=(1000,)
2026-02-07 11:05:43,603-model_training-INFO-Training boshlandi: X=(1000, 19), y=(1000,)
2026-02-07 11:05:43,643-model_training-INFO-Linear Regression o'qitilish boshlandi
2026-02-07 11:05:43,704-model_training-INFO-Ridge o'qitilish boshlandi
2026-02-07 11:05:43,742-model_training-INFO-Lasso o'qitilish boshlandi
2026-02-07 11:05:43,772-model_training-INFO-Decision Tree o'qitilish boshlandi
2026-02-07 11:05:43,833-model_training-INFO-Random Forest o'qitilish boshlandi
2026-02-07 11:05:46,733-model_training-INFO-XGBoost o'qitilish boshlandi
2026-02-07 11:05:49,740-model_training-INFO-LightGBM o'qitilish boshlandi
2026-02-07 11:05:53,131-model_training-INFO-KNN o'qitilish boshlandi
2026-02-07 11:05:53,272-model_training-INFO-Gradient Boosting o'qitilish boshlandi
2026-02-07 11:07:01,685-model_training-INFO-Training boshlandi: X=(1000, 19), y=(1000,)
2026-02-07 11:07:01,687-model_training-INFO-Linear Regression o'qitilish boshlandi
2026-02-07 11:07:01,716-model_training-INFO-Ridge o'qitilish boshlandi
2026-02-07 11:07:01,739-model_training-INFO-Lasso o'qitilish boshlandi
2026-02-07 11:07:01,771-model_training-INFO-Decision Tree o'qitilish boshlandi
2026-02-07 11:07:01,834-model_training-INFO-Random Forest o'qitilish boshlandi
2026-02-07 11:07:04,743-model_training-INFO-XGBoost o'qitilish boshlandi
2026-02-07 11:07:06,373-model_training-INFO-KNN o'qitilish boshlandi
2026-02-07 11:07:07,885-model_training-INFO-Gradient Boosting o'qitilish boshlandi
2026-02-07 11:17:34,273-model_training-INFO-Training boshlandi: X=(1000, 19), y=(1000,)
2026-02-07 11:17:34,276-model_training-INFO-Linear Regression o'qitilish boshlandi
2026-02-07 11:17:34,309-model_training-INFO-Ridge o'qitilish boshlandi
2026-02-07 11:17:34,333-model_training-INFO-Lasso o'qitilish boshlandi
2026-02-07 11:17:34,359-model_training-INFO-Decision Tree o'qitilish boshlandi
2026-02-07 11:17:34,417-model_training-INFO-Random Forest o'qitilish boshlandi
2026-02-07 11:17:37,381-model_training-INFO-XGBoost o'qitilish boshlandi
2026-02-07 11:17:39,041-model_training-INFO-KNN o'qitilish boshlandi
2026-02-07 11:17:40,878-model_training-INFO-Gradient Boosting o'qitilish boshlandi
2026-02-07 11:27:39,621-model_training-INFO-Training boshlandi: X=(1000, 19), y=(1000,)
2026-02-07 11:27:39,623-model_training-INFO-Linear Regression o'qitilish boshlandi
2026-02-07 11:27:39,684-model_training-INFO-Ridge o'qitilish boshlandi
2026-02-07 11:27:39,721-model_training-INFO-Lasso o'qitilish boshlandi
2026-02-07 11:27:39,753-model_training-INFO-Decision Tree o'qitilish boshlandi
2026-02-07 11:27:39,816-model_training-INFO-Random Forest o'qitilish boshlandi
2026-02-07 11:27:42,967-model_training-INFO-XGBoost o'qitilish boshlandi
2026-02-07 11:27:44,651-model_training-INFO-KNN o'qitilish boshlandi
2026-02-07 11:27:46,397-model_training-INFO-Gradient Boosting o'qitilish boshlandi
2026-02-07 11:55:23,136-model_training-INFO-Training boshlandi: X=(1000, 19), y=(1000,)
2026-02-07 11:55:23,138-model_training-INFO-Linear Regression o'qitilish boshlandi
2026-02-07 11:55:23,169-model_training-INFO-Ridge o'qitilish boshlandi
2026-02-07 11:55:23,193-model_training-INFO-Lasso o'qitilish boshlandi
2026-02-07 11:55:23,220-model_training-INFO-Decision Tree o'qitilish boshlandi
2026-02-07 11:55:23,277-model_training-INFO-Random Forest o'qitilish boshlandi
2026-02-07 11:55:26,519-model_training-INFO-XGBoost o'qitilish boshlandi
2026-02-07 11:55:29,130-model_training-INFO-KNN o'qitilish boshlandi
2026-02-07 11:55:30,962-model_training-INFO-Gradient Boosting o'qitilish boshlandi
