2026-02-24 16:07:17,576-data_preprocessing-INFO-Data preprocessing boshlandi
2026-02-24 16:07:17,588-data_preprocessing-INFO-Numerical qiymatlar toldirildi
2026-02-24 16:07:17,592-data_preprocessing-INFO-Categorical qiymat toldirildi
2026-02-24 16:07:17,597-data_preprocessing-INFO-Ayrim ustunla One Hot bilan Encoding qilindi
2026-02-24 16:07:17,598-data_preprocessing-INFO-Ayrim ustunla Labeling bilan encoding qilindi
2026-02-24 16:07:17,601-data_preprocessing-INFO-MinMax yordamida scaling qilindi
2026-02-24 16:07:17,601-data_preprocessing-INFO-Data preprocessing tugadi
2026-02-24 16:07:17,654-data_preprocessing-INFO-Preprocessed data saqlandi 9088 ta qator va 8 ta ustun
2026-02-24 16:24:59,997-data_preprocessing-INFO-Data preprocessing boshlandi
2026-02-24 16:25:00,003-data_preprocessing-INFO-Numerical qiymatlar toldirildi
2026-02-24 16:25:00,007-data_preprocessing-INFO-Categorical qiymat toldirildi
2026-02-24 16:25:00,010-data_preprocessing-INFO-Ayrim ustunla One Hot bilan Encoding qilindi
2026-02-24 16:25:00,011-data_preprocessing-INFO-Ayrim ustunla Labeling bilan encoding qilindi
2026-02-24 16:25:00,013-data_preprocessing-INFO-MinMax yordamida scaling qilindi
2026-02-24 16:25:00,013-data_preprocessing-INFO-Data preprocessing tugadi
2026-02-24 16:25:00,069-data_preprocessing-INFO-Preprocessed data saqlandi 9088 ta qator va 8 ta ustun
2026-02-24 16:54:48,338-data_preprocessing-INFO-Data preprocessing boshlandi
2026-02-24 16:54:48,341-data_preprocessing-INFO-Numerical qiymatlar toldirildi
2026-02-24 16:54:48,344-data_preprocessing-INFO-Categorical qiymat toldirildi
2026-02-24 16:54:48,345-data_preprocessing-INFO-Ayrim ustunla One Hot bilan Encoding qilindi
2026-02-24 16:54:48,346-data_preprocessing-INFO-Ayrim ustunla Labeling bilan encoding qilindi
2026-02-24 16:54:48,349-data_preprocessing-INFO-MinMax yordamida scaling qilindi
2026-02-24 16:54:48,349-data_preprocessing-INFO-Data preprocessing tugadi
2026-02-24 16:54:48,402-data_preprocessing-INFO-Preprocessed data saqlandi 9088 ta qator va 8 ta ustun
